<?xml version="1.0" encoding="UTF-8"?>
<testsuite xmlns:xsi="http://www.w3.org/2001/XMLSchema-instance" xsi:noNamespaceSchemaLocation="https://maven.apache.org/surefire/maven-surefire-plugin/xsd/surefire-test-report-3.0.xsd" version="3.0" name="TestSuite" time="19.052" tests="14" errors="0" skipped="0" failures="0">
  <properties>
[...]
</properties>
  <testcase name="testPostUser[1010, testUser1, John, Canedy, a@gmail.com, test@1, 123456775](1)" classname="api.test.DataDrivenTests" time="1.815">
    <system-out><![CDATA[DEBUG StatusConsoleListener Apache Log4j Core 2.20 initializing configuration XmlConfiguration[location=/Users/aigerimdzhanybekova/Documents/PetStoreAutomation/target/test-classes/log4j2.xml]
DEBUG StatusConsoleListener PluginManager 'Core' found 130 plugins
DEBUG StatusConsoleListener PluginManager 'Level' found 0 plugins
DEBUG StatusConsoleListener Building Plugin[name=property, class=org.apache.logging.log4j.core.config.Property].
TRACE StatusConsoleListener TypeConverterRegistry initializing.
DEBUG StatusConsoleListener PluginManager 'TypeConverter' found 26 plugins
DEBUG StatusConsoleListener createProperty(name="basePath", value="./logs", Configuration(/Users/aigerimdzhanybekova/Documents/PetStoreAutomation/target/test-classes/log4j2.xml))
DEBUG StatusConsoleListener Building Plugin[name=properties, class=org.apache.logging.log4j.core.config.PropertiesPlugin].
DEBUG StatusConsoleListener configureSubstitutor(={basePath=./logs}, Configuration(/Users/aigerimdzhanybekova/Documents/PetStoreAutomation/target/test-classes/log4j2.xml))
DEBUG StatusConsoleListener PluginManager 'Lookup' found 16 plugins
DEBUG StatusConsoleListener Building Plugin[name=layout, class=org.apache.logging.log4j.core.layout.PatternLayout].
DEBUG StatusConsoleListener PatternLayout$Builder(pattern="null", PatternSelector=null, Configuration(/Users/aigerimdzhanybekova/Documents/PetStoreAutomation/target/test-classes/log4j2.xml), Replace=null, charset="null", alwaysWriteExceptions="null", disableAnsi="null", noConsoleNoAnsi="null", header="null", footer="null")
ERROR StatusConsoleListener PatternLayout contains an invalid element or attribute "patter"
DEBUG StatusConsoleListener PluginManager 'Converter' found 45 plugins
DEBUG StatusConsoleListener Building Plugin[name=appender, class=org.apache.logging.log4j.core.appender.ConsoleAppender].
DEBUG StatusConsoleListener ConsoleAppender$Builder(target="SYSTEM_OUT", follow="null", direct="null", bufferedIo="null", bufferSize="null", immediateFlush="null", ignoreExceptions="null", PatternLayout(%m%n), name="Console", Configuration(/Users/aigerimdzhanybekova/Documents/PetStoreAutomation/target/test-classes/log4j2.xml), Filter=null, ={})
DEBUG StatusConsoleListener Starting OutputStreamManager SYSTEM_OUT.false.false
DEBUG StatusConsoleListener Building Plugin[name=appender, class=org.apache.logging.log4j.core.appender.RollingFileAppender].
ERROR StatusConsoleListener The parameter is null: policy
DEBUG StatusConsoleListener RollingFileAppender$Builder(fileName="./logs/automation.log", filePattern="./logs/automation-%d{yyyy--MM-dd}.log}", append="null", locking="null", Policy=null, Strategy=null, advertise="null", advertiseUri="null", createOnDemand="null", filePermissions="null", fileOwner="null", fileGroup="null", bufferedIo="null", bufferSize="null", immediateFlush="null", ignoreExceptions="null", Layout=null, name="File", Configuration(/Users/aigerimdzhanybekova/Documents/PetStoreAutomation/target/test-classes/log4j2.xml), Filter=null, ={})
ERROR StatusConsoleListener Could not create plugin of type class org.apache.logging.log4j.core.appender.RollingFileAppender for element RollingFile
 org.apache.logging.log4j.core.config.ConfigurationException: Arguments given for element RollingFile are invalid: field 'policy' has invalid value 'null'
	at org.apache.logging.log4j.core.config.plugins.util.PluginBuilder.injectFields(PluginBuilder.java:199)
	at org.apache.logging.log4j.core.config.plugins.util.PluginBuilder.build(PluginBuilder.java:123)
	at org.apache.logging.log4j.core.config.AbstractConfiguration.createPluginObject(AbstractConfiguration.java:1138)
	at org.apache.logging.log4j.core.config.AbstractConfiguration.createConfiguration(AbstractConfiguration.java:1063)
	at org.apache.logging.log4j.core.config.AbstractConfiguration.createConfiguration(AbstractConfiguration.java:1055)
	at org.apache.logging.log4j.core.config.AbstractConfiguration.doConfigure(AbstractConfiguration.java:664)
	at org.apache.logging.log4j.core.config.AbstractConfiguration.initialize(AbstractConfiguration.java:258)
	at org.apache.logging.log4j.core.config.AbstractConfiguration.start(AbstractConfiguration.java:304)
	at org.apache.logging.log4j.core.LoggerContext.setConfiguration(LoggerContext.java:621)
	at org.apache.logging.log4j.core.LoggerContext.reconfigure(LoggerContext.java:694)
	at org.apache.logging.log4j.core.LoggerContext.reconfigure(LoggerContext.java:711)
	at org.apache.logging.log4j.core.LoggerContext.start(LoggerContext.java:253)
	at org.apache.logging.log4j.core.impl.Log4jContextFactory.getContext(Log4jContextFactory.java:155)
	at org.apache.logging.log4j.core.impl.Log4jContextFactory.getContext(Log4jContextFactory.java:47)
	at org.apache.logging.log4j.LogManager.getContext(LogManager.java:196)
	at org.apache.logging.log4j.LogManager.getLogger(LogManager.java:599)
	at org.apache.poi.ooxml.POIXMLDocumentPart.<clinit>(POIXMLDocumentPart.java:56)
	at api.utilities.XLUtility.getRowCount(XLUtility.java:33)
	at api.utilities.DataProviders.getAllData(DataProviders.java:15)
	at java.base/jdk.internal.reflect.DirectMethodHandleAccessor.invoke(DirectMethodHandleAccessor.java:104)
	at java.base/java.lang.reflect.Method.invoke(Method.java:578)
	at org.testng.internal.invokers.MethodInvocationHelper.invokeMethod(MethodInvocationHelper.java:139)
	at org.testng.internal.invokers.MethodInvocationHelper.invokeMethod(MethodInvocationHelper.java:84)
	at org.testng.internal.invokers.MethodInvocationHelper.invokeMethodNoCheckedException(MethodInvocationHelper.java:53)
	at org.testng.internal.invokers.MethodInvocationHelper.invokeDataProvider(MethodInvocationHelper.java:157)
	at org.testng.internal.Parameters.handleParameters(Parameters.java:803)
	at org.testng.internal.Parameters.handleParameters(Parameters.java:728)
	at org.testng.internal.invokers.ParameterHandler.handleParameters(ParameterHandler.java:72)
	at org.testng.internal.invokers.ParameterHandler.createParameters(ParameterHandler.java:51)
	at org.testng.internal.invokers.TestInvoker$MethodInvocationAgent.invoke(TestInvoker.java:911)
	at org.testng.internal.invokers.TestInvoker.invokeTestMethods(TestInvoker.java:200)
	at org.testng.internal.invokers.TestMethodWorker.invokeTestMethods(TestMethodWorker.java:148)
	at org.testng.internal.invokers.TestMethodWorker.run(TestMethodWorker.java:128)
	at java.base/java.util.ArrayList.forEach(ArrayList.java:1511)
	at org.testng.TestRunner.privateRun(TestRunner.java:848)
	at org.testng.TestRunner.run(TestRunner.java:621)
	at org.testng.SuiteRunner.runTest(SuiteRunner.java:443)
	at org.testng.SuiteRunner.runSequentially(SuiteRunner.java:437)
	at org.testng.SuiteRunner.privateRun(SuiteRunner.java:397)
	at org.testng.SuiteRunner.run(SuiteRunner.java:336)
	at org.testng.SuiteRunnerWorker.runSuite(SuiteRunnerWorker.java:52)
	at org.testng.SuiteRunnerWorker.run(SuiteRunnerWorker.java:95)
	at org.testng.TestNG.runSuitesSequentially(TestNG.java:1280)
	at org.testng.TestNG.runSuitesLocally(TestNG.java:1200)
	at org.testng.TestNG.runSuites(TestNG.java:1114)
	at org.testng.TestNG.run(TestNG.java:1082)
	at org.apache.maven.surefire.testng.TestNGExecutor.run(TestNGExecutor.java:308)
	at org.apache.maven.surefire.testng.TestNGXmlTestSuite.execute(TestNGXmlTestSuite.java:71)
	at org.apache.maven.surefire.testng.TestNGProvider.invoke(TestNGProvider.java:113)
	at org.apache.maven.surefire.booter.ForkedBooter.runSuitesInProcess(ForkedBooter.java:385)
	at org.apache.maven.surefire.booter.ForkedBooter.execute(ForkedBooter.java:162)
	at org.apache.maven.surefire.booter.ForkedBooter.run(ForkedBooter.java:507)
	at org.apache.maven.surefire.booter.ForkedBooter.main(ForkedBooter.java:495)
DEBUG StatusConsoleListener Building Plugin[name=layout, class=org.apache.logging.log4j.core.layout.PatternLayout].
DEBUG StatusConsoleListener PatternLayout$Builder(pattern="%d{HH:mm:ss.SSS} [%t] %-5level %logger{36} - %msg%n", PatternSelector=null, Configuration(/Users/aigerimdzhanybekova/Documents/PetStoreAutomation/target/test-classes/log4j2.xml), Replace=null, charset="null", alwaysWriteExceptions="null", disableAnsi="null", noConsoleNoAnsi="null", header="null", footer="null")
DEBUG StatusConsoleListener Building Plugin[name=SizeBasedTriggeringPolicy, class=org.apache.logging.log4j.core.appender.rolling.SizeBasedTriggeringPolicy].
DEBUG StatusConsoleListener createPolicy(size="50000")
DEBUG StatusConsoleListener Building Plugin[name=appenders, class=org.apache.logging.log4j.core.config.AppendersPlugin].
ERROR StatusConsoleListener Null object returned for RollingFile in Appenders.
ERROR StatusConsoleListener appenders Appenders has no parameter that matches element PatternLayout
ERROR StatusConsoleListener appenders Appenders has no parameter that matches element SizeBasedTriggeringPolicy
DEBUG StatusConsoleListener createAppenders(={Console, })
DEBUG StatusConsoleListener Building Plugin[name=AppenderRef, class=org.apache.logging.log4j.core.config.AppenderRef].
DEBUG StatusConsoleListener createAppenderRef(ref="File", level="null", Filter=null)
DEBUG StatusConsoleListener Building Plugin[name=root, class=org.apache.logging.log4j.core.config.LoggerConfig$RootLogger].
DEBUG StatusConsoleListener LoggerConfig$RootLogger$Builder(additivity="null", level="INFO", levelAndRefs="null", includeLocation="null", ={File}, ={}, Configuration(/Users/aigerimdzhanybekova/Documents/PetStoreAutomation/target/test-classes/log4j2.xml), Filter=null)
DEBUG StatusConsoleListener Building Plugin[name=loggers, class=org.apache.logging.log4j.core.config.LoggersPlugin].
DEBUG StatusConsoleListener createLoggers(={root})
ERROR StatusConsoleListener Unable to locate appender "File" for logger config "root"
DEBUG StatusConsoleListener Configuration XmlConfiguration[location=/Users/aigerimdzhanybekova/Documents/PetStoreAutomation/target/test-classes/log4j2.xml] initialized
DEBUG StatusConsoleListener Starting configuration XmlConfiguration[location=/Users/aigerimdzhanybekova/Documents/PetStoreAutomation/target/test-classes/log4j2.xml]
DEBUG StatusConsoleListener Started configuration XmlConfiguration[location=/Users/aigerimdzhanybekova/Documents/PetStoreAutomation/target/test-classes/log4j2.xml] OK.
TRACE StatusConsoleListener Stopping org.apache.logging.log4j.core.config.DefaultConfiguration@5a709816...
TRACE StatusConsoleListener DefaultConfiguration notified 1 ReliabilityStrategies that config will be stopped.
TRACE StatusConsoleListener DefaultConfiguration stopping root LoggerConfig.
TRACE StatusConsoleListener DefaultConfiguration notifying ReliabilityStrategies that appenders will be stopped.
TRACE StatusConsoleListener DefaultConfiguration stopping remaining Appenders.
DEBUG StatusConsoleListener Shutting down OutputStreamManager SYSTEM_OUT.false.false-1
DEBUG StatusConsoleListener OutputStream closed
DEBUG StatusConsoleListener Shut down OutputStreamManager SYSTEM_OUT.false.false-1, all resources released: true
DEBUG StatusConsoleListener Appender DefaultConsole-1 stopped with status true
TRACE StatusConsoleListener DefaultConfiguration stopped 1 remaining Appenders.
TRACE StatusConsoleListener DefaultConfiguration cleaning Appenders from 1 LoggerConfigs.
DEBUG StatusConsoleListener Stopped org.apache.logging.log4j.core.config.DefaultConfiguration@5a709816 OK
TRACE StatusConsoleListener Reregistering MBeans after reconfigure. Selector=org.apache.logging.log4j.core.selector.ClassLoaderContextSelector@2ed3b1f5
TRACE StatusConsoleListener Reregistering context (1/1): '7e32c033' org.apache.logging.log4j.core.LoggerContext@63648ee9
TRACE StatusConsoleListener Unregistering but no MBeans found matching 'org.apache.logging.log4j2:type=7e32c033'
TRACE StatusConsoleListener Unregistering but no MBeans found matching 'org.apache.logging.log4j2:type=7e32c033,component=StatusLogger'
TRACE StatusConsoleListener Unregistering but no MBeans found matching 'org.apache.logging.log4j2:type=7e32c033,component=ContextSelector'
TRACE StatusConsoleListener Unregistering but no MBeans found matching 'org.apache.logging.log4j2:type=7e32c033,component=Loggers,name=*'
TRACE StatusConsoleListener Unregistering but no MBeans found matching 'org.apache.logging.log4j2:type=7e32c033,component=Appenders,name=*'
TRACE StatusConsoleListener Unregistering but no MBeans found matching 'org.apache.logging.log4j2:type=7e32c033,component=AsyncAppenders,name=*'
TRACE StatusConsoleListener Unregistering but no MBeans found matching 'org.apache.logging.log4j2:type=7e32c033,component=AsyncLoggerRingBuffer'
TRACE StatusConsoleListener Unregistering but no MBeans found matching 'org.apache.logging.log4j2:type=7e32c033,component=Loggers,name=*,subtype=RingBuffer'
DEBUG StatusConsoleListener Registering MBean org.apache.logging.log4j2:type=7e32c033
DEBUG StatusConsoleListener Registering MBean org.apache.logging.log4j2:type=7e32c033,component=StatusLogger
DEBUG StatusConsoleListener Registering MBean org.apache.logging.log4j2:type=7e32c033,component=ContextSelector
DEBUG StatusConsoleListener Registering MBean org.apache.logging.log4j2:type=7e32c033,component=Loggers,name=
DEBUG StatusConsoleListener Registering MBean org.apache.logging.log4j2:type=7e32c033,component=Appenders,name=Console
TRACE StatusConsoleListener Using default SystemClock for timestamps.
DEBUG StatusConsoleListener org.apache.logging.log4j.core.util.SystemClock supports precise timestamps.
TRACE StatusConsoleListener Using DummyNanoClock for nanosecond timestamps.
DEBUG StatusConsoleListener Reconfiguration complete for context[name=7e32c033] at URI /Users/aigerimdzhanybekova/Documents/PetStoreAutomation/target/test-classes/log4j2.xml (org.apache.logging.log4j.core.LoggerContext@63648ee9) with optional ClassLoader: null
DEBUG StatusConsoleListener Shutdown hook enabled. Registering a new one.
DEBUG StatusConsoleListener LoggerContext[name=7e32c033, org.apache.logging.log4j.core.LoggerContext@63648ee9] started OK.
api.payload.User@630d1b2f
]]></system-out>
    <system-err><![CDATA[SLF4J: Failed to load class "org.slf4j.impl.StaticLoggerBinder".
SLF4J: Defaulting to no-operation (NOP) logger implementation
SLF4J: See http://www.slf4j.org/codes.html#StaticLoggerBinder for further details.
]]></system-err>
  </testcase>
  <testcase name="testPostUser[1020, testUser2, Kim, Kom, b@gmail.com, test@2, 9785789278](2)" classname="api.test.DataDrivenTests" time="0.976">
    <system-out><![CDATA[api.payload.User@100d0218
]]></system-out>
  </testcase>
  <testcase name="testPostUser[1030, testUser3, Smith, Steve, c@gmail.com, test@3, 89172445](3)" classname="api.test.DataDrivenTests" time="2.128">
    <system-out><![CDATA[api.payload.User@6e068ac9
]]></system-out>
  </testcase>
  <testcase name="testDeleteUserByName[testUser1](1)" classname="api.test.DataDrivenTests" time="0.976">
    <system-out><![CDATA[io.restassured.internal.RestAssuredResponseImpl@fcf9525
]]></system-out>
  </testcase>
  <testcase name="testDeleteUserByName[testUser2](2)" classname="api.test.DataDrivenTests" time="0.968">
    <system-out><![CDATA[io.restassured.internal.RestAssuredResponseImpl@36d697ab
]]></system-out>
  </testcase>
  <testcase name="testDeleteUserByName[testUser3](3)" classname="api.test.DataDrivenTests" time="0.978">
    <system-out><![CDATA[io.restassured.internal.RestAssuredResponseImpl@44b9c7c4
]]></system-out>
  </testcase>
  <testcase name="testPostUser" classname="api.test.UserTests" time="0.987">
    <system-out><![CDATA[HTTP/1.1 200 OK
Date: Thu, 08 Jun 2023 06:27:08 GMT
Content-Type: application/json
Transfer-Encoding: chunked
Connection: keep-alive
Access-Control-Allow-Origin: *
Access-Control-Allow-Methods: GET, POST, DELETE, PUT
Access-Control-Allow-Headers: Content-Type, api_key, Authorization
Server: Jetty(9.2.9.v20150224)

{
    "code": 200,
    "type": "unknown",
    "message": "1322093233"
}
]]></system-out>
  </testcase>
  <testcase name="testGetUserByName" classname="api.test.UserTests" time="0.993">
    <system-out><![CDATA[HTTP/1.1 200 OK
Date: Thu, 08 Jun 2023 06:27:09 GMT
Content-Type: application/json
Transfer-Encoding: chunked
Connection: keep-alive
Access-Control-Allow-Origin: *
Access-Control-Allow-Methods: GET, POST, DELETE, PUT
Access-Control-Allow-Headers: Content-Type, api_key, Authorization
Server: Jetty(9.2.9.v20150224)

{
    "id": 1322093233,
    "username": "chung.batz",
    "email": "catrice.rippin@example.com",
    "password": "fpcg39gnh",
    "phone": "815.737.7874",
    "userStatus": 0
}
]]></system-out>
  </testcase>
  <testcase name="testUpdateUserByName" classname="api.test.UserTests" time="1.982">
    <system-out><![CDATA[{
    "code": 200,
    "type": "unknown",
    "message": "1322093233"
}
HTTP/1.1 200 OK
Date: Thu, 08 Jun 2023 06:27:11 GMT
Content-Type: application/json
Transfer-Encoding: chunked
Connection: keep-alive
Access-Control-Allow-Origin: *
Access-Control-Allow-Methods: GET, POST, DELETE, PUT
Access-Control-Allow-Headers: Content-Type, api_key, Authorization
Server: Jetty(9.2.9.v20150224)

{
    "id": 1322093233,
    "username": "chung.batz",
    "email": "jared.boyer@example.com",
    "password": "fpcg39gnh",
    "phone": "815.737.7874",
    "userStatus": 0
}
]]></system-out>
  </testcase>
  <testcase name="testDeleteUserByName" classname="api.test.UserTests" time="0.981"/>
  <testcase name="testPostUser" classname="api.test.UserTestsProps" time="0.974">
    <system-out><![CDATA[HTTP/1.1 200 OK
Date: Thu, 08 Jun 2023 06:27:13 GMT
Content-Type: application/json
Transfer-Encoding: chunked
Connection: keep-alive
Access-Control-Allow-Origin: *
Access-Control-Allow-Methods: GET, POST, DELETE, PUT
Access-Control-Allow-Headers: Content-Type, api_key, Authorization
Server: Jetty(9.2.9.v20150224)

{
    "code": 200,
    "type": "unknown",
    "message": "1488869438"
}
]]></system-out>
  </testcase>
  <testcase name="testGetUserByName" classname="api.test.UserTestsProps" time="0.978">
    <system-out><![CDATA[HTTP/1.1 200 OK
Date: Thu, 08 Jun 2023 06:27:14 GMT
Content-Type: application/json
Transfer-Encoding: chunked
Connection: keep-alive
Access-Control-Allow-Origin: *
Access-Control-Allow-Methods: GET, POST, DELETE, PUT
Access-Control-Allow-Headers: Content-Type, api_key, Authorization
Server: Jetty(9.2.9.v20150224)

{
    "id": 1488869438,
    "username": "gia.hartmann",
    "email": "dick.simonis@example.com",
    "password": "4q8au",
    "phone": "434-548-9092",
    "userStatus": 0
}
]]></system-out>
  </testcase>
  <testcase name="testUpdateUserByName" classname="api.test.UserTestsProps" time="1.958">
    <system-out><![CDATA[{
    "code": 200,
    "type": "unknown",
    "message": "1488869438"
}
HTTP/1.1 200 OK
Date: Thu, 08 Jun 2023 06:27:16 GMT
Content-Type: application/json
Transfer-Encoding: chunked
Connection: keep-alive
Access-Control-Allow-Origin: *
Access-Control-Allow-Methods: GET, POST, DELETE, PUT
Access-Control-Allow-Headers: Content-Type, api_key, Authorization
Server: Jetty(9.2.9.v20150224)

{
    "id": 1488869438,
    "username": "gia.hartmann",
    "email": "donella.aufderhar@example.com",
    "password": "4q8au",
    "phone": "434-548-9092",
    "userStatus": 0
}
]]></system-out>
  </testcase>
  <testcase name="testDeleteUserByName" classname="api.test.UserTestsProps" time="0.981"/>
</testsuite>