<?xml version="1.0" encoding="UTF-8"?>
<testng-results ignored="0" total="14" passed="14" failed="0" skipped="0">
  <reporter-output>
  </reporter-output>
  <suite started-at="2023-06-08T12:26:56 KGT" name="Pet Suite" finished-at="2023-06-08T12:27:15 KGT" duration-ms="18697">
    <groups>
    </groups>
    <test started-at="2023-06-08T12:26:56 KGT" name="PetTests" finished-at="2023-06-08T12:27:15 KGT" duration-ms="18697">
      <class name="api.test.DataDrivenTests">
        <test-method signature="testPostUser(java.lang.String,java.lang.String,java.lang.String,java.lang.String,java.lang.String,java.lang.String,java.lang.String)[pri:1, instance:api.test.DataDrivenTests@60dcc9fe]" started-at="2023-06-08T12:26:57 KGT" name="testPostUser" data-provider="Data" finished-at="2023-06-08T12:26:59 KGT" duration-ms="1811" status="PASS">
          <params>
            <param index="0">
              <value>
                <![CDATA[1010]]>
              </value>
            </param>
            <param index="1">
              <value>
                <![CDATA[testUser1]]>
              </value>
            </param>
            <param index="2">
              <value>
                <![CDATA[John]]>
              </value>
            </param>
            <param index="3">
              <value>
                <![CDATA[Canedy]]>
              </value>
            </param>
            <param index="4">
              <value>
                <![CDATA[a@gmail.com]]>
              </value>
            </param>
            <param index="5">
              <value>
                <![CDATA[test@1]]>
              </value>
            </param>
            <param index="6">
              <value>
                <![CDATA[123456775]]>
              </value>
            </param>
          </params>
          <reporter-output>
          </reporter-output>
        </test-method> <!-- testPostUser -->
        <test-method signature="testPostUser(java.lang.String,java.lang.String,java.lang.String,java.lang.String,java.lang.String,java.lang.String,java.lang.String)[pri:1, instance:api.test.DataDrivenTests@60dcc9fe]" started-at="2023-06-08T12:26:59 KGT" name="testPostUser" data-provider="Data" finished-at="2023-06-08T12:27:00 KGT" duration-ms="974" status="PASS">
          <params>
            <param index="0">
              <value>
                <![CDATA[1020]]>
              </value>
            </param>
            <param index="1">
              <value>
                <![CDATA[testUser2]]>
              </value>
            </param>
            <param index="2">
              <value>
                <![CDATA[Kim]]>
              </value>
            </param>
            <param index="3">
              <value>
                <![CDATA[Kom]]>
              </value>
            </param>
            <param index="4">
              <value>
                <![CDATA[b@gmail.com]]>
              </value>
            </param>
            <param index="5">
              <value>
                <![CDATA[test@2]]>
              </value>
            </param>
            <param index="6">
              <value>
                <![CDATA[9785789278]]>
              </value>
            </param>
          </params>
          <reporter-output>
          </reporter-output>
        </test-method> <!-- testPostUser -->
        <test-method signature="testPostUser(java.lang.String,java.lang.String,java.lang.String,java.lang.String,java.lang.String,java.lang.String,java.lang.String)[pri:1, instance:api.test.DataDrivenTests@60dcc9fe]" started-at="2023-06-08T12:27:00 KGT" name="testPostUser" data-provider="Data" finished-at="2023-06-08T12:27:02 KGT" duration-ms="2126" status="PASS">
          <params>
            <param index="0">
              <value>
                <![CDATA[1030]]>
              </value>
            </param>
            <param index="1">
              <value>
                <![CDATA[testUser3]]>
              </value>
            </param>
            <param index="2">
              <value>
                <![CDATA[Smith]]>
              </value>
            </param>
            <param index="3">
              <value>
                <![CDATA[Steve]]>
              </value>
            </param>
            <param index="4">
              <value>
                <![CDATA[c@gmail.com]]>
              </value>
            </param>
            <param index="5">
              <value>
                <![CDATA[test@3]]>
              </value>
            </param>
            <param index="6">
              <value>
                <![CDATA[89172445]]>
              </value>
            </param>
          </params>
          <reporter-output>
          </reporter-output>
        </test-method> <!-- testPostUser -->
        <test-method signature="testDeleteUserByName(java.lang.String)[pri:2, instance:api.test.DataDrivenTests@60dcc9fe]" started-at="2023-06-08T12:27:02 KGT" name="testDeleteUserByName" data-provider="UserNames" finished-at="2023-06-08T12:27:03 KGT" duration-ms="973" status="PASS">
          <params>
            <param index="0">
              <value>
                <![CDATA[testUser1]]>
              </value>
            </param>
          </params>
          <reporter-output>
          </reporter-output>
        </test-method> <!-- testDeleteUserByName -->
        <test-method signature="testDeleteUserByName(java.lang.String)[pri:2, instance:api.test.DataDrivenTests@60dcc9fe]" started-at="2023-06-08T12:27:03 KGT" name="testDeleteUserByName" data-provider="UserNames" finished-at="2023-06-08T12:27:04 KGT" duration-ms="965" status="PASS">
          <params>
            <param index="0">
              <value>
                <![CDATA[testUser2]]>
              </value>
            </param>
          </params>
          <reporter-output>
          </reporter-output>
        </test-method> <!-- testDeleteUserByName -->
        <test-method signature="testDeleteUserByName(java.lang.String)[pri:2, instance:api.test.DataDrivenTests@60dcc9fe]" started-at="2023-06-08T12:27:04 KGT" name="testDeleteUserByName" data-provider="UserNames" finished-at="2023-06-08T12:27:05 KGT" duration-ms="980" status="PASS">
          <params>
            <param index="0">
              <value>
                <![CDATA[testUser3]]>
              </value>
            </param>
          </params>
          <reporter-output>
          </reporter-output>
        </test-method> <!-- testDeleteUserByName -->
      </class> <!-- api.test.DataDrivenTests -->
      <class name="api.test.UserTests">
        <test-method is-config="true" signature="setupMethod()[pri:0, instance:api.test.UserTests@12b0404f]" started-at="2023-06-08T12:27:05 KGT" name="setupMethod" finished-at="2023-06-08T12:27:05 KGT" duration-ms="99" status="PASS">
          <reporter-output>
          </reporter-output>
        </test-method> <!-- setupMethod -->
        <test-method signature="testPostUser()[pri:1, instance:api.test.UserTests@12b0404f]" started-at="2023-06-08T12:27:05 KGT" name="testPostUser" finished-at="2023-06-08T12:27:06 KGT" duration-ms="986" status="PASS">
          <reporter-output>
          </reporter-output>
        </test-method> <!-- testPostUser -->
        <test-method signature="testGetUserByName()[pri:2, instance:api.test.UserTests@12b0404f]" started-at="2023-06-08T12:27:06 KGT" name="testGetUserByName" finished-at="2023-06-08T12:27:07 KGT" duration-ms="992" status="PASS">
          <reporter-output>
          </reporter-output>
        </test-method> <!-- testGetUserByName -->
        <test-method signature="testUpdateUserByName()[pri:3, instance:api.test.UserTests@12b0404f]" started-at="2023-06-08T12:27:07 KGT" name="testUpdateUserByName" finished-at="2023-06-08T12:27:09 KGT" duration-ms="1980" status="PASS">
          <reporter-output>
          </reporter-output>
        </test-method> <!-- testUpdateUserByName -->
        <test-method signature="testDeleteUserByName()[pri:4, instance:api.test.UserTests@12b0404f]" started-at="2023-06-08T12:27:09 KGT" name="testDeleteUserByName" finished-at="2023-06-08T12:27:10 KGT" duration-ms="980" status="PASS">
          <reporter-output>
          </reporter-output>
        </test-method> <!-- testDeleteUserByName -->
      </class> <!-- api.test.UserTests -->
      <class name="api.test.UserTestsProps">
        <test-method is-config="true" signature="setupMethod()[pri:0, instance:api.test.UserTestsProps@769e7ee8]" started-at="2023-06-08T12:27:10 KGT" name="setupMethod" finished-at="2023-06-08T12:27:10 KGT" duration-ms="35" status="PASS">
          <reporter-output>
          </reporter-output>
        </test-method> <!-- setupMethod -->
        <test-method signature="testPostUser()[pri:1, instance:api.test.UserTestsProps@769e7ee8]" started-at="2023-06-08T12:27:10 KGT" name="testPostUser" finished-at="2023-06-08T12:27:11 KGT" duration-ms="972" status="PASS">
          <reporter-output>
          </reporter-output>
        </test-method> <!-- testPostUser -->
        <test-method signature="testGetUserByName()[pri:2, instance:api.test.UserTestsProps@769e7ee8]" started-at="2023-06-08T12:27:11 KGT" name="testGetUserByName" finished-at="2023-06-08T12:27:12 KGT" duration-ms="977" status="PASS">
          <reporter-output>
          </reporter-output>
        </test-method> <!-- testGetUserByName -->
        <test-method signature="testUpdateUserByName()[pri:3, instance:api.test.UserTestsProps@769e7ee8]" started-at="2023-06-08T12:27:12 KGT" name="testUpdateUserByName" finished-at="2023-06-08T12:27:14 KGT" duration-ms="1957" status="PASS">
          <reporter-output>
          </reporter-output>
        </test-method> <!-- testUpdateUserByName -->
        <test-method signature="testDeleteUserByName()[pri:4, instance:api.test.UserTestsProps@769e7ee8]" started-at="2023-06-08T12:27:14 KGT" name="testDeleteUserByName" finished-at="2023-06-08T12:27:15 KGT" duration-ms="979" status="PASS">
          <reporter-output>
          </reporter-output>
        </test-method> <!-- testDeleteUserByName -->
      </class> <!-- api.test.UserTestsProps -->
    </test> <!-- PetTests -->
  </suite> <!-- Pet Suite -->
</testng-results>
