<?xml version="1.0" encoding="UTF-8"?>
<!-- Generated by org.testng.reporters.JUnitXMLReporter -->
<testsuite ignored="0" hostname="Aigerims-MacBook-Pro.local" failures="0" tests="14" name="PetTests" time="18.697" errors="0" timestamp="2023-06-08T12:27:15 KGT">
  <testcase classname="api.test.DataDrivenTests" name="testPostUser" time="1.811"/>
  <testcase classname="api.test.DataDrivenTests" name="testPostUser" time="0.974"/>
  <testcase classname="api.test.DataDrivenTests" name="testPostUser" time="2.126"/>
  <testcase classname="api.test.DataDrivenTests" name="testDeleteUserByName" time="0.973"/>
  <testcase classname="api.test.DataDrivenTests" name="testDeleteUserByName" time="0.965"/>
  <testcase classname="api.test.DataDrivenTests" name="testDeleteUserByName" time="0.98"/>
  <testcase classname="api.test.UserTests" name="testPostUser" time="0.986"/>
  <testcase classname="api.test.UserTests" name="testGetUserByName" time="0.992"/>
  <testcase classname="api.test.UserTests" name="testUpdateUserByName" time="1.98"/>
  <testcase classname="api.test.UserTests" name="testDeleteUserByName" time="0.98"/>
  <testcase classname="api.test.UserTestsProps" name="testPostUser" time="0.972"/>
  <testcase classname="api.test.UserTestsProps" name="testGetUserByName" time="0.977"/>
  <testcase classname="api.test.UserTestsProps" name="testUpdateUserByName" time="1.957"/>
  <testcase classname="api.test.UserTestsProps" name="testDeleteUserByName" time="0.979"/>
</testsuite> <!-- PetTests -->
